<?xml version="1.0" encoding="UTF-8"?>
<testsuite name="com.adidas.challenge.cityconnectionmanager.distancecalculator.repository.ConnectionInstanceRepositoryTest" tests="2" skipped="0" failures="0" errors="0" timestamp="2018-09-15T23:00:14" hostname="ESPC008779" time="0.275">
  <properties/>
  <testcase name="testFindByCityAndDestinyCity" classname="com.adidas.challenge.cityconnectionmanager.distancecalculator.repository.ConnectionInstanceRepositoryTest" time="0.195"/>
  <testcase name="testInsertAndReadConnection" classname="com.adidas.challenge.cityconnectionmanager.distancecalculator.repository.ConnectionInstanceRepositoryTest" time="0.077"/>
  <system-out><![CDATA[2018-09-16 01:00:12.003  INFO 21164 --- [    Test worker] .b.t.c.SpringBootTestContextBootstrapper : Neither @ContextConfiguration nor @ContextHierarchy found for test class [com.adidas.challenge.cityconnectionmanager.distancecalculator.repository.ConnectionInstanceRepositoryTest], using SpringBootContextLoader
2018-09-16 01:00:12.007  INFO 21164 --- [    Test worker] o.s.t.c.support.AbstractContextLoader    : Could not detect default resource locations for test class [com.adidas.challenge.cityconnectionmanager.distancecalculator.repository.ConnectionInstanceRepositoryTest]: no resource found for suffixes {-context.xml, Context.groovy}.
2018-09-16 01:00:12.007  INFO 21164 --- [    Test worker] t.c.s.AnnotationConfigContextLoaderUtils : Could not detect default configuration classes for test class [com.adidas.challenge.cityconnectionmanager.distancecalculator.repository.ConnectionInstanceRepositoryTest]: ConnectionInstanceRepositoryTest does not declare any static, non-private, non-final, nested classes annotated with @Configuration.
2018-09-16 01:00:12.059  INFO 21164 --- [    Test worker] .b.t.c.SpringBootTestContextBootstrapper : Found @SpringBootConfiguration com.adidas.challenge.cityconnectionmanager.distancecalculator.DistanceCalculatorApplication for test class com.adidas.challenge.cityconnectionmanager.distancecalculator.repository.ConnectionInstanceRepositoryTest
2018-09-16 01:00:12.059  INFO 21164 --- [    Test worker] .b.t.c.SpringBootTestContextBootstrapper : Loaded default TestExecutionListener class names from location [META-INF/spring.factories]: [org.springframework.boot.test.autoconfigure.restdocs.RestDocsTestExecutionListener, org.springframework.boot.test.autoconfigure.web.client.MockRestServiceServerResetTestExecutionListener, org.springframework.boot.test.autoconfigure.web.servlet.MockMvcPrintOnlyOnFailureTestExecutionListener, org.springframework.boot.test.autoconfigure.web.servlet.WebDriverTestExecutionListener, org.springframework.boot.test.mock.mockito.MockitoTestExecutionListener, org.springframework.boot.test.mock.mockito.ResetMocksTestExecutionListener, org.springframework.test.context.web.ServletTestExecutionListener, org.springframework.test.context.support.DirtiesContextBeforeModesTestExecutionListener, org.springframework.test.context.support.DependencyInjectionTestExecutionListener, org.springframework.test.context.support.DirtiesContextTestExecutionListener, org.springframework.test.context.transaction.TransactionalTestExecutionListener, org.springframework.test.context.jdbc.SqlScriptsTestExecutionListener]
2018-09-16 01:00:12.059  INFO 21164 --- [    Test worker] .b.t.c.SpringBootTestContextBootstrapper : Using TestExecutionListeners: [org.springframework.test.context.web.ServletTestExecutionListener@42bae260, org.springframework.test.context.support.DirtiesContextBeforeModesTestExecutionListener@6c52ddfa, org.springframework.boot.test.mock.mockito.MockitoTestExecutionListener@19ab7a8d, org.springframework.boot.test.autoconfigure.SpringBootDependencyInjectionTestExecutionListener@fd3e72c, org.springframework.test.context.support.DirtiesContextTestExecutionListener@1aefad54, org.springframework.test.context.transaction.TransactionalTestExecutionListener@60280efe, org.springframework.test.context.jdbc.SqlScriptsTestExecutionListener@22957f64, org.springframework.boot.test.autoconfigure.restdocs.RestDocsTestExecutionListener@32ef169d, org.springframework.boot.test.autoconfigure.web.client.MockRestServiceServerResetTestExecutionListener@558d8899, org.springframework.boot.test.autoconfigure.web.servlet.MockMvcPrintOnlyOnFailureTestExecutionListener@75722328, org.springframework.boot.test.autoconfigure.web.servlet.WebDriverTestExecutionListener@7c950cbd, org.springframework.boot.test.mock.mockito.ResetMocksTestExecutionListener@3604a64c]
2018-09-16 01:00:12.747  INFO 21164 --- [    Test worker] s.c.a.AnnotationConfigApplicationContext : Refreshing org.springframework.context.annotation.AnnotationConfigApplicationContext@492086d: startup date [Sun Sep 16 01:00:12 CEST 2018]; root of context hierarchy
2018-09-16 01:00:12.783  INFO 21164 --- [    Test worker] f.a.AutowiredAnnotationBeanPostProcessor : JSR-330 'javax.inject.Inject' annotation found and supported for autowiring
2018-09-16 01:00:12.835  INFO 21164 --- [    Test worker] trationDelegate$BeanPostProcessorChecker : Bean 'configurationPropertiesRebinderAutoConfiguration' of type [org.springframework.cloud.autoconfigure.ConfigurationPropertiesRebinderAutoConfiguration$$EnhancerBySpringCGLIB$$bed84adb] is not eligible for getting processed by all BeanPostProcessors (for example: not eligible for auto-proxying)

  .   ____          _            __ _ _
 /\\ / ___'_ __ _ _(_)_ __  __ _ \ \ \ \
( ( )\___ | '_ | '_| | '_ \/ _` | \ \ \ \
 \\/  ___)| |_)| | | | | || (_| |  ) ) ) )
  '  |____| .__|_| |_|_| |_\__, | / / / /
 =========|_|==============|___/=/_/_/_/
 :: Spring Boot ::        (v2.0.4.RELEASE)

2018-09-16 01:00:13.508  INFO 21164 --- [    Test worker] c.c.d.r.ConnectionInstanceRepositoryTest : No active profile set, falling back to default profiles: default
2018-09-16 01:00:13.516  INFO 21164 --- [    Test worker] s.c.a.AnnotationConfigApplicationContext : Refreshing org.springframework.context.annotation.AnnotationConfigApplicationContext@250bddd3: startup date [Sun Sep 16 01:00:13 CEST 2018]; parent: org.springframework.context.annotation.AnnotationConfigApplicationContext@492086d
2018-09-16 01:00:13.800  INFO 21164 --- [    Test worker] beddedDataSourceBeanFactoryPostProcessor : Replacing 'dataSource' DataSource bean with embedded version
2018-09-16 01:00:13.804  INFO 21164 --- [    Test worker] o.s.b.f.s.DefaultListableBeanFactory     : Overriding bean definition for bean 'dataSource' with a different definition: replacing [Root bean: class [null]; scope=; abstract=false; lazyInit=false; autowireMode=3; dependencyCheck=0; autowireCandidate=true; primary=false; factoryBeanName=org.springframework.boot.autoconfigure.jdbc.DataSourceConfiguration$Hikari; factoryMethodName=dataSource; initMethodName=null; destroyMethodName=(inferred); defined in class path resource [org/springframework/boot/autoconfigure/jdbc/DataSourceConfiguration$Hikari.class]] with [Root bean: class [org.springframework.boot.test.autoconfigure.jdbc.TestDatabaseAutoConfiguration$EmbeddedDataSourceFactoryBean]; scope=; abstract=false; lazyInit=false; autowireMode=0; dependencyCheck=0; autowireCandidate=true; primary=false; factoryBeanName=null; factoryMethodName=null; initMethodName=null; destroyMethodName=null]
2018-09-16 01:00:13.832  INFO 21164 --- [    Test worker] f.a.AutowiredAnnotationBeanPostProcessor : JSR-330 'javax.inject.Inject' annotation found and supported for autowiring
2018-09-16 01:00:13.939  INFO 21164 --- [    Test worker] o.s.j.d.e.EmbeddedDatabaseFactory        : Starting embedded database: url='jdbc:h2:mem:fb9fb7e4-2c1e-4cec-885c-1e621a59a532;DB_CLOSE_DELAY=-1;DB_CLOSE_ON_EXIT=false', username='sa'
2018-09-16 01:00:14.111  INFO 21164 --- [    Test worker] j.LocalContainerEntityManagerFactoryBean : Building JPA container EntityManagerFactory for persistence unit 'default'
2018-09-16 01:00:14.111  INFO 21164 --- [    Test worker] o.hibernate.jpa.internal.util.LogHelper  : HHH000204: Processing PersistenceUnitInfo [
	name: default
	...]
2018-09-16 01:00:14.135  INFO 21164 --- [    Test worker] org.hibernate.dialect.Dialect            : HHH000400: Using dialect: org.hibernate.dialect.H2Dialect
Hibernate: drop table connection_entity if exists
Hibernate: drop table connection_instance_entity if exists
Hibernate: drop sequence if exists hibernate_sequence
Hibernate: create sequence hibernate_sequence start with 1 increment by 1
Hibernate: create table connection_entity (city varchar(255) not null, destiny_city varchar(255) not null, mean_time double, primary key (city, destiny_city))
Hibernate: create table connection_instance_entity (id bigint not null, arrival_time timestamp, city varchar(255), departure_time timestamp, destiny_city varchar(255), primary key (id))
2018-09-16 01:00:14.203  INFO 21164 --- [    Test worker] o.h.t.schema.internal.SchemaCreatorImpl  : HHH000476: Executing import script 'org.hibernate.tool.schema.internal.exec.ScriptSourceInputNonExistentImpl@2656c44c'
2018-09-16 01:00:14.203  INFO 21164 --- [    Test worker] j.LocalContainerEntityManagerFactoryBean : Initialized JPA EntityManagerFactory for persistence unit 'default'
2018-09-16 01:00:14.374  INFO 21164 --- [    Test worker] o.h.h.i.QueryTranslatorFactoryInitiator  : HHH000397: Using ASTQueryTranslatorFactory
2018-09-16 01:00:14.521  INFO 21164 --- [    Test worker] c.c.d.r.ConnectionInstanceRepositoryTest : Started ConnectionInstanceRepositoryTest in 2.454 seconds (JVM running for 19.912)
2018-09-16 01:00:14.569  INFO 21164 --- [    Test worker] o.s.t.c.transaction.TransactionContext   : Began transaction (1) for test context [DefaultTestContext@6e58567d testClass = ConnectionInstanceRepositoryTest, testInstance = com.adidas.challenge.cityconnectionmanager.distancecalculator.repository.ConnectionInstanceRepositoryTest@306b80f8, testMethod = testFindByCityAndDestinyCity@ConnectionInstanceRepositoryTest, testException = [null], mergedContextConfiguration = [MergedContextConfiguration@4adfa38a testClass = ConnectionInstanceRepositoryTest, locations = '{}', classes = '{class com.adidas.challenge.cityconnectionmanager.distancecalculator.DistanceCalculatorApplication}', contextInitializerClasses = '[]', activeProfiles = '{}', propertySourceLocations = '{}', propertySourceProperties = '{org.springframework.boot.test.context.SpringBootTestContextBootstrapper=true}', contextCustomizers = set[org.springframework.boot.test.autoconfigure.OverrideAutoConfigurationContextCustomizerFactory$DisableAutoConfigurationContextCustomizer@21ad9413, org.springframework.boot.test.autoconfigure.filter.TypeExcludeFiltersContextCustomizer@351584c0, org.springframework.boot.test.autoconfigure.properties.PropertyMappingContextCustomizer@cd2f569, org.springframework.boot.test.autoconfigure.web.servlet.WebDriverContextCustomizerFactory$Customizer@6333d620, [ImportsContextCustomizer@248d69b5 key = [org.springframework.boot.autoconfigure.cache.CacheAutoConfiguration, org.springframework.boot.autoconfigure.data.jpa.JpaRepositoriesAutoConfiguration, org.springframework.boot.autoconfigure.flyway.FlywayAutoConfiguration, org.springframework.boot.autoconfigure.jdbc.DataSourceAutoConfiguration, org.springframework.boot.autoconfigure.jdbc.DataSourceTransactionManagerAutoConfiguration, org.springframework.boot.autoconfigure.jdbc.JdbcTemplateAutoConfiguration, org.springframework.boot.autoconfigure.liquibase.LiquibaseAutoConfiguration, org.springframework.boot.autoconfigure.orm.jpa.HibernateJpaAutoConfiguration, org.springframework.boot.autoconfigure.transaction.TransactionAutoConfiguration, org.springframework.boot.test.autoconfigure.jdbc.TestDatabaseAutoConfiguration, org.springframework.boot.test.autoconfigure.orm.jpa.TestEntityManagerAutoConfiguration]], org.springframework.boot.test.context.filter.ExcludeFilterContextCustomizer@7923e1c5, org.springframework.boot.test.json.DuplicateJsonObjectContextCustomizerFactory$DuplicateJsonObjectContextCustomizer@43419ffe, org.springframework.boot.test.mock.mockito.MockitoContextCustomizer@0], contextLoader = 'org.springframework.boot.test.context.SpringBootContextLoader', parent = [null]], attributes = map[[empty]]]; transaction manager [org.springframework.orm.jpa.JpaTransactionManager@697c8c9a]; rollback [true]
Hibernate: call next value for hibernate_sequence
Hibernate: insert into connection_instance_entity (arrival_time, city, departure_time, destiny_city, id) values (?, ?, ?, ?, ?)
Hibernate: select connection0_.id as id1_1_, connection0_.arrival_time as arrival_2_1_, connection0_.city as city3_1_, connection0_.departure_time as departur4_1_, connection0_.destiny_city as destiny_5_1_ from connection_instance_entity connection0_ where upper(connection0_.city)=upper(?) and upper(connection0_.destiny_city)=upper(?)
2018-09-16 01:00:14.741  INFO 21164 --- [    Test worker] o.s.t.c.transaction.TransactionContext   : Rolled back transaction for test: [DefaultTestContext@6e58567d testClass = ConnectionInstanceRepositoryTest, testInstance = com.adidas.challenge.cityconnectionmanager.distancecalculator.repository.ConnectionInstanceRepositoryTest@306b80f8, testMethod = testFindByCityAndDestinyCity@ConnectionInstanceRepositoryTest, testException = [null], mergedContextConfiguration = [MergedContextConfiguration@4adfa38a testClass = ConnectionInstanceRepositoryTest, locations = '{}', classes = '{class com.adidas.challenge.cityconnectionmanager.distancecalculator.DistanceCalculatorApplication}', contextInitializerClasses = '[]', activeProfiles = '{}', propertySourceLocations = '{}', propertySourceProperties = '{org.springframework.boot.test.context.SpringBootTestContextBootstrapper=true}', contextCustomizers = set[org.springframework.boot.test.autoconfigure.OverrideAutoConfigurationContextCustomizerFactory$DisableAutoConfigurationContextCustomizer@21ad9413, org.springframework.boot.test.autoconfigure.filter.TypeExcludeFiltersContextCustomizer@351584c0, org.springframework.boot.test.autoconfigure.properties.PropertyMappingContextCustomizer@cd2f569, org.springframework.boot.test.autoconfigure.web.servlet.WebDriverContextCustomizerFactory$Customizer@6333d620, [ImportsContextCustomizer@248d69b5 key = [org.springframework.boot.autoconfigure.cache.CacheAutoConfiguration, org.springframework.boot.autoconfigure.data.jpa.JpaRepositoriesAutoConfiguration, org.springframework.boot.autoconfigure.flyway.FlywayAutoConfiguration, org.springframework.boot.autoconfigure.jdbc.DataSourceAutoConfiguration, org.springframework.boot.autoconfigure.jdbc.DataSourceTransactionManagerAutoConfiguration, org.springframework.boot.autoconfigure.jdbc.JdbcTemplateAutoConfiguration, org.springframework.boot.autoconfigure.liquibase.LiquibaseAutoConfiguration, org.springframework.boot.autoconfigure.orm.jpa.HibernateJpaAutoConfiguration, org.springframework.boot.autoconfigure.transaction.TransactionAutoConfiguration, org.springframework.boot.test.autoconfigure.jdbc.TestDatabaseAutoConfiguration, org.springframework.boot.test.autoconfigure.orm.jpa.TestEntityManagerAutoConfiguration]], org.springframework.boot.test.context.filter.ExcludeFilterContextCustomizer@7923e1c5, org.springframework.boot.test.json.DuplicateJsonObjectContextCustomizerFactory$DuplicateJsonObjectContextCustomizer@43419ffe, org.springframework.boot.test.mock.mockito.MockitoContextCustomizer@0], contextLoader = 'org.springframework.boot.test.context.SpringBootContextLoader', parent = [null]], attributes = map[[empty]]]
2018-09-16 01:00:14.745  INFO 21164 --- [    Test worker] o.s.t.c.transaction.TransactionContext   : Began transaction (1) for test context [DefaultTestContext@6e58567d testClass = ConnectionInstanceRepositoryTest, testInstance = com.adidas.challenge.cityconnectionmanager.distancecalculator.repository.ConnectionInstanceRepositoryTest@8304877, testMethod = testInsertAndReadConnection@ConnectionInstanceRepositoryTest, testException = [null], mergedContextConfiguration = [MergedContextConfiguration@4adfa38a testClass = ConnectionInstanceRepositoryTest, locations = '{}', classes = '{class com.adidas.challenge.cityconnectionmanager.distancecalculator.DistanceCalculatorApplication}', contextInitializerClasses = '[]', activeProfiles = '{}', propertySourceLocations = '{}', propertySourceProperties = '{org.springframework.boot.test.context.SpringBootTestContextBootstrapper=true}', contextCustomizers = set[org.springframework.boot.test.autoconfigure.OverrideAutoConfigurationContextCustomizerFactory$DisableAutoConfigurationContextCustomizer@21ad9413, org.springframework.boot.test.autoconfigure.filter.TypeExcludeFiltersContextCustomizer@351584c0, org.springframework.boot.test.autoconfigure.properties.PropertyMappingContextCustomizer@cd2f569, org.springframework.boot.test.autoconfigure.web.servlet.WebDriverContextCustomizerFactory$Customizer@6333d620, [ImportsContextCustomizer@248d69b5 key = [org.springframework.boot.autoconfigure.cache.CacheAutoConfiguration, org.springframework.boot.autoconfigure.data.jpa.JpaRepositoriesAutoConfiguration, org.springframework.boot.autoconfigure.flyway.FlywayAutoConfiguration, org.springframework.boot.autoconfigure.jdbc.DataSourceAutoConfiguration, org.springframework.boot.autoconfigure.jdbc.DataSourceTransactionManagerAutoConfiguration, org.springframework.boot.autoconfigure.jdbc.JdbcTemplateAutoConfiguration, org.springframework.boot.autoconfigure.liquibase.LiquibaseAutoConfiguration, org.springframework.boot.autoconfigure.orm.jpa.HibernateJpaAutoConfiguration, org.springframework.boot.autoconfigure.transaction.TransactionAutoConfiguration, org.springframework.boot.test.autoconfigure.jdbc.TestDatabaseAutoConfiguration, org.springframework.boot.test.autoconfigure.orm.jpa.TestEntityManagerAutoConfiguration]], org.springframework.boot.test.context.filter.ExcludeFilterContextCustomizer@7923e1c5, org.springframework.boot.test.json.DuplicateJsonObjectContextCustomizerFactory$DuplicateJsonObjectContextCustomizer@43419ffe, org.springframework.boot.test.mock.mockito.MockitoContextCustomizer@0], contextLoader = 'org.springframework.boot.test.context.SpringBootContextLoader', parent = [null]], attributes = map[[empty]]]; transaction manager [org.springframework.orm.jpa.JpaTransactionManager@697c8c9a]; rollback [true]
Hibernate: call next value for hibernate_sequence
Hibernate: insert into connection_instance_entity (arrival_time, city, departure_time, destiny_city, id) values (?, ?, ?, ?, ?)
Hibernate: select connection0_.id as id1_1_, connection0_.arrival_time as arrival_2_1_, connection0_.city as city3_1_, connection0_.departure_time as departur4_1_, connection0_.destiny_city as destiny_5_1_ from connection_instance_entity connection0_
2018-09-16 01:00:14.821  INFO 21164 --- [    Test worker] o.s.t.c.transaction.TransactionContext   : Rolled back transaction for test: [DefaultTestContext@6e58567d testClass = ConnectionInstanceRepositoryTest, testInstance = com.adidas.challenge.cityconnectionmanager.distancecalculator.repository.ConnectionInstanceRepositoryTest@8304877, testMethod = testInsertAndReadConnection@ConnectionInstanceRepositoryTest, testException = [null], mergedContextConfiguration = [MergedContextConfiguration@4adfa38a testClass = ConnectionInstanceRepositoryTest, locations = '{}', classes = '{class com.adidas.challenge.cityconnectionmanager.distancecalculator.DistanceCalculatorApplication}', contextInitializerClasses = '[]', activeProfiles = '{}', propertySourceLocations = '{}', propertySourceProperties = '{org.springframework.boot.test.context.SpringBootTestContextBootstrapper=true}', contextCustomizers = set[org.springframework.boot.test.autoconfigure.OverrideAutoConfigurationContextCustomizerFactory$DisableAutoConfigurationContextCustomizer@21ad9413, org.springframework.boot.test.autoconfigure.filter.TypeExcludeFiltersContextCustomizer@351584c0, org.springframework.boot.test.autoconfigure.properties.PropertyMappingContextCustomizer@cd2f569, org.springframework.boot.test.autoconfigure.web.servlet.WebDriverContextCustomizerFactory$Customizer@6333d620, [ImportsContextCustomizer@248d69b5 key = [org.springframework.boot.autoconfigure.cache.CacheAutoConfiguration, org.springframework.boot.autoconfigure.data.jpa.JpaRepositoriesAutoConfiguration, org.springframework.boot.autoconfigure.flyway.FlywayAutoConfiguration, org.springframework.boot.autoconfigure.jdbc.DataSourceAutoConfiguration, org.springframework.boot.autoconfigure.jdbc.DataSourceTransactionManagerAutoConfiguration, org.springframework.boot.autoconfigure.jdbc.JdbcTemplateAutoConfiguration, org.springframework.boot.autoconfigure.liquibase.LiquibaseAutoConfiguration, org.springframework.boot.autoconfigure.orm.jpa.HibernateJpaAutoConfiguration, org.springframework.boot.autoconfigure.transaction.TransactionAutoConfiguration, org.springframework.boot.test.autoconfigure.jdbc.TestDatabaseAutoConfiguration, org.springframework.boot.test.autoconfigure.orm.jpa.TestEntityManagerAutoConfiguration]], org.springframework.boot.test.context.filter.ExcludeFilterContextCustomizer@7923e1c5, org.springframework.boot.test.json.DuplicateJsonObjectContextCustomizerFactory$DuplicateJsonObjectContextCustomizer@43419ffe, org.springframework.boot.test.mock.mockito.MockitoContextCustomizer@0], contextLoader = 'org.springframework.boot.test.context.SpringBootContextLoader', parent = [null]], attributes = map[[empty]]]
]]></system-out>
  <system-err><![CDATA[]]></system-err>
</testsuite>
