<?xml version="1.0" encoding="UTF-8"?>
<testsuite name="com.adidas.challenge.cityconnectionmanager.distancecalculator.service.ConnectionServiceImplTest" tests="1" skipped="0" failures="0" errors="0" timestamp="2018-09-15T23:00:15" hostname="ESPC008779" time="0.037">
  <properties/>
  <testcase name="testCalculateMeanTime" classname="com.adidas.challenge.cityconnectionmanager.distancecalculator.service.ConnectionServiceImplTest" time="0.037"/>
  <system-out><![CDATA[2018-09-16 01:00:14.883  INFO 21164 --- [    Test worker] o.s.t.c.s.DefaultTestContextBootstrapper : Neither @ContextConfiguration nor @ContextHierarchy found for test class [com.adidas.challenge.cityconnectionmanager.distancecalculator.service.ConnectionServiceImplTest], using DelegatingSmartContextLoader
2018-09-16 01:00:14.883  INFO 21164 --- [    Test worker] o.s.t.c.support.AbstractContextLoader    : Could not detect default resource locations for test class [com.adidas.challenge.cityconnectionmanager.distancecalculator.service.ConnectionServiceImplTest]: no resource found for suffixes {-context.xml}.
2018-09-16 01:00:14.883  INFO 21164 --- [    Test worker] t.c.s.AnnotationConfigContextLoaderUtils : Could not detect default configuration classes for test class [com.adidas.challenge.cityconnectionmanager.distancecalculator.service.ConnectionServiceImplTest]: ConnectionServiceImplTest does not declare any static, non-private, non-final, nested classes annotated with @Configuration.
2018-09-16 01:00:14.883  INFO 21164 --- [    Test worker] o.s.t.c.s.DefaultTestContextBootstrapper : Loaded default TestExecutionListener class names from location [META-INF/spring.factories]: [org.springframework.boot.test.autoconfigure.restdocs.RestDocsTestExecutionListener, org.springframework.boot.test.autoconfigure.web.client.MockRestServiceServerResetTestExecutionListener, org.springframework.boot.test.autoconfigure.web.servlet.MockMvcPrintOnlyOnFailureTestExecutionListener, org.springframework.boot.test.autoconfigure.web.servlet.WebDriverTestExecutionListener, org.springframework.boot.test.mock.mockito.MockitoTestExecutionListener, org.springframework.boot.test.mock.mockito.ResetMocksTestExecutionListener, org.springframework.test.context.web.ServletTestExecutionListener, org.springframework.test.context.support.DirtiesContextBeforeModesTestExecutionListener, org.springframework.test.context.support.DependencyInjectionTestExecutionListener, org.springframework.test.context.support.DirtiesContextTestExecutionListener, org.springframework.test.context.transaction.TransactionalTestExecutionListener, org.springframework.test.context.jdbc.SqlScriptsTestExecutionListener]
2018-09-16 01:00:14.883  INFO 21164 --- [    Test worker] o.s.t.c.s.DefaultTestContextBootstrapper : Using TestExecutionListeners: [org.springframework.test.context.web.ServletTestExecutionListener@26157010, org.springframework.test.context.support.DirtiesContextBeforeModesTestExecutionListener@7b169154, org.springframework.boot.test.mock.mockito.MockitoTestExecutionListener@54eb7fa0, org.springframework.test.context.support.DependencyInjectionTestExecutionListener@45ee9f11, org.springframework.test.context.support.DirtiesContextTestExecutionListener@4876e24c, org.springframework.test.context.transaction.TransactionalTestExecutionListener@7255627, org.springframework.test.context.jdbc.SqlScriptsTestExecutionListener@8bc3f1c, org.springframework.boot.test.autoconfigure.restdocs.RestDocsTestExecutionListener@391b2f0d, org.springframework.boot.test.autoconfigure.web.client.MockRestServiceServerResetTestExecutionListener@4600cee0, org.springframework.boot.test.autoconfigure.web.servlet.MockMvcPrintOnlyOnFailureTestExecutionListener@6bb93c69, org.springframework.boot.test.autoconfigure.web.servlet.WebDriverTestExecutionListener@294aadd, org.springframework.boot.test.mock.mockito.ResetMocksTestExecutionListener@62178ec5]
2018-09-16 01:00:15.802  INFO 21164 --- [    Test worker] o.s.c.support.GenericApplicationContext  : Refreshing org.springframework.context.support.GenericApplicationContext@506bfb7: startup date [Sun Sep 16 01:00:15 CEST 2018]; root of context hierarchy
2018-09-16 01:00:15.810  INFO 21164 --- [    Test worker] f.a.AutowiredAnnotationBeanPostProcessor : JSR-330 'javax.inject.Inject' annotation found and supported for autowiring
]]></system-out>
  <system-err><![CDATA[]]></system-err>
</testsuite>
