<?xml version="1.0" encoding="UTF-8"?>
<testsuite name="com.adidas.challenge.cityconnectionmanager.distancecalculator.repository.ConnectionRepositoryTest" tests="1" skipped="0" failures="0" errors="0" timestamp="2018-09-15T23:00:14" hostname="ESPC008779" time="0.023">
  <properties/>
  <testcase name="testInsertAndReadConnection" classname="com.adidas.challenge.cityconnectionmanager.distancecalculator.repository.ConnectionRepositoryTest" time="0.023"/>
  <system-out><![CDATA[2018-09-16 01:00:14.825  INFO 21164 --- [    Test worker] .b.t.c.SpringBootTestContextBootstrapper : Neither @ContextConfiguration nor @ContextHierarchy found for test class [com.adidas.challenge.cityconnectionmanager.distancecalculator.repository.ConnectionRepositoryTest], using SpringBootContextLoader
2018-09-16 01:00:14.829  INFO 21164 --- [    Test worker] o.s.t.c.support.AbstractContextLoader    : Could not detect default resource locations for test class [com.adidas.challenge.cityconnectionmanager.distancecalculator.repository.ConnectionRepositoryTest]: no resource found for suffixes {-context.xml, Context.groovy}.
2018-09-16 01:00:14.829  INFO 21164 --- [    Test worker] t.c.s.AnnotationConfigContextLoaderUtils : Could not detect default configuration classes for test class [com.adidas.challenge.cityconnectionmanager.distancecalculator.repository.ConnectionRepositoryTest]: ConnectionRepositoryTest does not declare any static, non-private, non-final, nested classes annotated with @Configuration.
2018-09-16 01:00:14.833  INFO 21164 --- [    Test worker] .b.t.c.SpringBootTestContextBootstrapper : Found @SpringBootConfiguration com.adidas.challenge.cityconnectionmanager.distancecalculator.DistanceCalculatorApplication for test class com.adidas.challenge.cityconnectionmanager.distancecalculator.repository.ConnectionRepositoryTest
2018-09-16 01:00:14.837  INFO 21164 --- [    Test worker] .b.t.c.SpringBootTestContextBootstrapper : Loaded default TestExecutionListener class names from location [META-INF/spring.factories]: [org.springframework.boot.test.autoconfigure.restdocs.RestDocsTestExecutionListener, org.springframework.boot.test.autoconfigure.web.client.MockRestServiceServerResetTestExecutionListener, org.springframework.boot.test.autoconfigure.web.servlet.MockMvcPrintOnlyOnFailureTestExecutionListener, org.springframework.boot.test.autoconfigure.web.servlet.WebDriverTestExecutionListener, org.springframework.boot.test.mock.mockito.MockitoTestExecutionListener, org.springframework.boot.test.mock.mockito.ResetMocksTestExecutionListener, org.springframework.test.context.web.ServletTestExecutionListener, org.springframework.test.context.support.DirtiesContextBeforeModesTestExecutionListener, org.springframework.test.context.support.DependencyInjectionTestExecutionListener, org.springframework.test.context.support.DirtiesContextTestExecutionListener, org.springframework.test.context.transaction.TransactionalTestExecutionListener, org.springframework.test.context.jdbc.SqlScriptsTestExecutionListener]
2018-09-16 01:00:14.837  INFO 21164 --- [    Test worker] .b.t.c.SpringBootTestContextBootstrapper : Using TestExecutionListeners: [org.springframework.test.context.web.ServletTestExecutionListener@7e04de35, org.springframework.test.context.support.DirtiesContextBeforeModesTestExecutionListener@2d8923de, org.springframework.boot.test.mock.mockito.MockitoTestExecutionListener@1422d758, org.springframework.boot.test.autoconfigure.SpringBootDependencyInjectionTestExecutionListener@4cb5ec62, org.springframework.test.context.support.DirtiesContextTestExecutionListener@149876b7, org.springframework.test.context.transaction.TransactionalTestExecutionListener@706b3029, org.springframework.test.context.jdbc.SqlScriptsTestExecutionListener@72f1b16b, org.springframework.boot.test.autoconfigure.restdocs.RestDocsTestExecutionListener@114495ab, org.springframework.boot.test.autoconfigure.web.client.MockRestServiceServerResetTestExecutionListener@46be74fa, org.springframework.boot.test.autoconfigure.web.servlet.MockMvcPrintOnlyOnFailureTestExecutionListener@6f7dfe7c, org.springframework.boot.test.autoconfigure.web.servlet.WebDriverTestExecutionListener@10f87011, org.springframework.boot.test.mock.mockito.ResetMocksTestExecutionListener@25245668]
2018-09-16 01:00:14.852  INFO 21164 --- [    Test worker] o.s.t.c.transaction.TransactionContext   : Began transaction (1) for test context [DefaultTestContext@30d4fb1e testClass = ConnectionRepositoryTest, testInstance = com.adidas.challenge.cityconnectionmanager.distancecalculator.repository.ConnectionRepositoryTest@1cad87b3, testMethod = testInsertAndReadConnection@ConnectionRepositoryTest, testException = [null], mergedContextConfiguration = [MergedContextConfiguration@330ff7cb testClass = ConnectionRepositoryTest, locations = '{}', classes = '{class com.adidas.challenge.cityconnectionmanager.distancecalculator.DistanceCalculatorApplication}', contextInitializerClasses = '[]', activeProfiles = '{}', propertySourceLocations = '{}', propertySourceProperties = '{org.springframework.boot.test.context.SpringBootTestContextBootstrapper=true}', contextCustomizers = set[org.springframework.boot.test.autoconfigure.OverrideAutoConfigurationContextCustomizerFactory$DisableAutoConfigurationContextCustomizer@21ad9413, org.springframework.boot.test.autoconfigure.filter.TypeExcludeFiltersContextCustomizer@351584c0, org.springframework.boot.test.autoconfigure.properties.PropertyMappingContextCustomizer@cd2f569, org.springframework.boot.test.autoconfigure.web.servlet.WebDriverContextCustomizerFactory$Customizer@6333d620, [ImportsContextCustomizer@535af9fe key = [org.springframework.boot.autoconfigure.cache.CacheAutoConfiguration, org.springframework.boot.autoconfigure.data.jpa.JpaRepositoriesAutoConfiguration, org.springframework.boot.autoconfigure.flyway.FlywayAutoConfiguration, org.springframework.boot.autoconfigure.jdbc.DataSourceAutoConfiguration, org.springframework.boot.autoconfigure.jdbc.DataSourceTransactionManagerAutoConfiguration, org.springframework.boot.autoconfigure.jdbc.JdbcTemplateAutoConfiguration, org.springframework.boot.autoconfigure.liquibase.LiquibaseAutoConfiguration, org.springframework.boot.autoconfigure.orm.jpa.HibernateJpaAutoConfiguration, org.springframework.boot.autoconfigure.transaction.TransactionAutoConfiguration, org.springframework.boot.test.autoconfigure.jdbc.TestDatabaseAutoConfiguration, org.springframework.boot.test.autoconfigure.orm.jpa.TestEntityManagerAutoConfiguration]], org.springframework.boot.test.context.filter.ExcludeFilterContextCustomizer@7923e1c5, org.springframework.boot.test.json.DuplicateJsonObjectContextCustomizerFactory$DuplicateJsonObjectContextCustomizer@43419ffe, org.springframework.boot.test.mock.mockito.MockitoContextCustomizer@0], contextLoader = 'org.springframework.boot.test.context.SpringBootContextLoader', parent = [null]], attributes = map[[empty]]]; transaction manager [org.springframework.orm.jpa.JpaTransactionManager@697c8c9a]; rollback [true]
Hibernate: insert into connection_entity (mean_time, city, destiny_city) values (?, ?, ?)
Hibernate: select connection0_.city as city1_0_, connection0_.destiny_city as destiny_2_0_, connection0_.mean_time as mean_tim3_0_ from connection_entity connection0_
2018-09-16 01:00:14.868  INFO 21164 --- [    Test worker] o.s.t.c.transaction.TransactionContext   : Rolled back transaction for test: [DefaultTestContext@30d4fb1e testClass = ConnectionRepositoryTest, testInstance = com.adidas.challenge.cityconnectionmanager.distancecalculator.repository.ConnectionRepositoryTest@1cad87b3, testMethod = testInsertAndReadConnection@ConnectionRepositoryTest, testException = [null], mergedContextConfiguration = [MergedContextConfiguration@330ff7cb testClass = ConnectionRepositoryTest, locations = '{}', classes = '{class com.adidas.challenge.cityconnectionmanager.distancecalculator.DistanceCalculatorApplication}', contextInitializerClasses = '[]', activeProfiles = '{}', propertySourceLocations = '{}', propertySourceProperties = '{org.springframework.boot.test.context.SpringBootTestContextBootstrapper=true}', contextCustomizers = set[org.springframework.boot.test.autoconfigure.OverrideAutoConfigurationContextCustomizerFactory$DisableAutoConfigurationContextCustomizer@21ad9413, org.springframework.boot.test.autoconfigure.filter.TypeExcludeFiltersContextCustomizer@351584c0, org.springframework.boot.test.autoconfigure.properties.PropertyMappingContextCustomizer@cd2f569, org.springframework.boot.test.autoconfigure.web.servlet.WebDriverContextCustomizerFactory$Customizer@6333d620, [ImportsContextCustomizer@535af9fe key = [org.springframework.boot.autoconfigure.cache.CacheAutoConfiguration, org.springframework.boot.autoconfigure.data.jpa.JpaRepositoriesAutoConfiguration, org.springframework.boot.autoconfigure.flyway.FlywayAutoConfiguration, org.springframework.boot.autoconfigure.jdbc.DataSourceAutoConfiguration, org.springframework.boot.autoconfigure.jdbc.DataSourceTransactionManagerAutoConfiguration, org.springframework.boot.autoconfigure.jdbc.JdbcTemplateAutoConfiguration, org.springframework.boot.autoconfigure.liquibase.LiquibaseAutoConfiguration, org.springframework.boot.autoconfigure.orm.jpa.HibernateJpaAutoConfiguration, org.springframework.boot.autoconfigure.transaction.TransactionAutoConfiguration, org.springframework.boot.test.autoconfigure.jdbc.TestDatabaseAutoConfiguration, org.springframework.boot.test.autoconfigure.orm.jpa.TestEntityManagerAutoConfiguration]], org.springframework.boot.test.context.filter.ExcludeFilterContextCustomizer@7923e1c5, org.springframework.boot.test.json.DuplicateJsonObjectContextCustomizerFactory$DuplicateJsonObjectContextCustomizer@43419ffe, org.springframework.boot.test.mock.mockito.MockitoContextCustomizer@0], contextLoader = 'org.springframework.boot.test.context.SpringBootContextLoader', parent = [null]], attributes = map[[empty]]]
]]></system-out>
  <system-err><![CDATA[]]></system-err>
</testsuite>
