<?xml version="1.0" encoding="UTF-8"?>
<testsuite name="com.adidas.challenge.distancecalculator.service.ShortestCalculatorImplTimeBasedTest" tests="1" skipped="0" failures="0" errors="0" timestamp="2018-09-15T23:46:27" hostname="ESPC008779" time="0.005">
  <properties/>
  <testcase name="calculateShortestPathFromSource" classname="com.adidas.challenge.distancecalculator.service.ShortestCalculatorImplTimeBasedTest" time="0.005"/>
  <system-out><![CDATA[]]></system-out>
  <system-err><![CDATA[]]></system-err>
</testsuite>
